<!DOCTYPE html>
<html>
<head>
<meta http-equiv="Content-Type" content="text/html; charset=utf-8"/>
<meta http-equiv="x-ua-compatible" content="IE=edge"/>
<title>Test results - Class uTest Registration</title>
<link href="../css/base-style.css" rel="stylesheet" type="text/css"/>
<link href="../css/style.css" rel="stylesheet" type="text/css"/>
<script src="../js/report.js" type="text/javascript"></script>
</head>
<body>
<div id="content">
<h1>Class uTest Registration</h1>
<div class="breadcrumbs">
<a href="../index.html">all</a> &gt; 
<a href="../packages/default-package.html">default-package</a> &gt; uTest Registration</div>
<div id="summary">
<table>
<tr>
<td>
<div class="summaryGroup">
<table>
<tr>
<td>
<div class="infoBox" id="tests">
<div class="counter">1</div>
<p>tests</p>
</div>
</td>
<td>
<div class="infoBox" id="failures">
<div class="counter">1</div>
<p>failures</p>
</div>
</td>
<td>
<div class="infoBox" id="ignored">
<div class="counter">0</div>
<p>ignored</p>
</div>
</td>
<td>
<div class="infoBox" id="duration">
<div class="counter">28.140s</div>
<p>duration</p>
</div>
</td>
</tr>
</table>
</div>
</td>
<td>
<div class="infoBox failures" id="successRate">
<div class="percent">0%</div>
<p>successful</p>
</div>
</td>
</tr>
</table>
</div>
<div id="tabs">
<ul class="tabLinks">
<li>
<a href="#tab0">Failed tests</a>
</li>
<li>
<a href="#tab1">Tests</a>
</li>
<li>
<a href="#tab2">Standard error</a>
</li>
</ul>
<div id="tab0" class="tab">
<h2>Failed tests</h2>
<div class="test">
<a name="Sign up to uTest"></a>
<h3 class="failures">Sign up to uTest</h3>
<span class="code">
<pre>java.lang.AssertionError: invalid selector: Unable to locate an element with the xpath expression /html/body/ui-view/unauthenticated-container/div/div/div/ui-view/div/div/div/div[1]/div/h1] because of the following error:
SyntaxError: Failed to execute 'evaluate' on 'Document': The string '/html/body/ui-view/unauthenticated-container/div/div/div/ui-view/div/div/div/div[1]/div/h1]' is not a valid XPath expression.
  (Session info: chrome=94.0.4606.81)
For documentation on this error, please visit: https://www.seleniumhq.org/exceptions/invalid_selector_exception.html
Build info: version: '3.141.59', revision: 'e82be7d358', time: '2018-11-14T08:17:03'
System info: host: 'LAPTOP-KEUA4AQO', ip: '192.168.1.3', os.name: 'Windows 10', os.arch: 'amd64', os.version: '10.0', java.version: '1.8.0_311'
Driver info: org.openqa.selenium.chrome.ChromeDriver
Capabilities {acceptInsecureCerts: false, browserName: chrome, browserVersion: 94.0.4606.81, chrome: {chromedriverVersion: 93.0.4577.63 (ff5c0da2ec0ad..., userDataDir: C:\Users\Acer\AppData\Local...}, goog:chromeOptions: {debuggerAddress: localhost:64440}, javascriptEnabled: true, networkConnectionEnabled: false, pageLoadStrategy: normal, platform: WINDOWS, platformName: WINDOWS, proxy: Proxy(), setWindowRect: true, strictFileInteractability: false, timeouts: {implicit: 0, pageLoad: 300000, script: 30000}, unhandledPromptBehavior: dismiss and notify, webauthn:extension:credBlob: true, webauthn:extension:largeBlob: true, webauthn:virtualAuthenticators: true}
Session ID: fa11f57fc59fd8b790aadfae1f707596
*** Element info: {Using=xpath, value=/html/body/ui-view/unauthenticated-container/div/div/div/ui-view/div/div/div/div[1]/div/h1]}
	at net.serenitybdd.screenplay.ErrorTally.throwSummaryExceptionFrom(ErrorTally.java:36)
	at net.serenitybdd.screenplay.ErrorTally.reportAnyErrors(ErrorTally.java:30)
	at net.serenitybdd.screenplay.Actor.should(Actor.java:301)
	at stepdefinitions.UTestRegistrationStepDefinitions.heHasRegisteredOnTheWebsiteAndReceivesAMessage(UTestRegistrationStepDefinitions.java:39)
	at ✽.he has registered on the website and receives a message(src/test/resources/features/uTestRegistration.feature:11)
</pre>
</span>
</div>
</div>
<div id="tab1" class="tab">
<h2>Tests</h2>
<table>
<thead>
<tr>
<th>Test</th>
<th>Duration</th>
<th>Result</th>
</tr>
</thead>
<tr>
<td class="failures">Sign up to uTest</td>
<td class="failures">28.140s</td>
<td class="failures">failed</td>
</tr>
</table>
</div>
<div id="tab2" class="tab">
<h2>Standard error</h2>
<span class="code">
<pre>[Test worker] WARN net.thucydides.core.steps.BaseStepListener - stepStarted: net.thucydides.core.steps.ExecutedStepDescription@4102162b
[Test worker] WARN net.thucydides.core.steps.BaseStepListener - stepStarted: net.thucydides.core.steps.ExecutedStepDescription@6bb21f6
[Test worker] WARN net.thucydides.core.steps.BaseStepListener - stepStarted: net.thucydides.core.steps.ExecutedStepDescription@5c8b98df
oct 25, 2021 2:06:46 AM org.openqa.selenium.remote.DesiredCapabilities chrome
INFORMACIÓN: Using `new ChromeOptions()` is preferred to `DesiredCapabilities.chrome()`
[Test worker] INFO net.serenitybdd.core.webdriver.driverproviders.ProvideNewDriver - Instantiating driver
[Test worker] INFO net.serenitybdd.core.webdriver.driverproviders.ProvideNewDriver - Driver capabilities: Capabilities {acceptInsecureCerts: false, browserName: chrome, chrome.switches: --start-maximized, goog:chromeOptions: {args: [--start-maximized], extensions: []}, loggingPrefs: org.openqa.selenium.logging..., platform: ANY, version: }
Starting ChromeDriver 93.0.4577.63 (ff5c0da2ec0adeaed5550e6c7e98417dac77d98a-refs/branch-heads/4577@{#1135}) on port 2656
Only local connections are allowed.
Please see https://chromedriver.chromium.org/security-considerations for suggestions on keeping ChromeDriver safe.
ChromeDriver was started successfully.
[1635145610.445][WARNING]: This version of ChromeDriver has not been tested with Chrome version 94.
oct 25, 2021 2:06:50 AM org.openqa.selenium.remote.ProtocolHandshake createSession
INFORMACIÓN: Detected dialect: W3C
[Test worker] WARN net.thucydides.core.steps.BaseStepListener - stepFinished: current outcome:Sign up to uTest:Example: {strFirstName=Juan David, strLastName=Botero, strEmail=soundga22@yahoo.es, strMonthOfBirth=number:1, strDayOfBirth=12, strYearOfBirth=1999, strPassword=Martinez1985++, strConfirmPassword=Martinez1985++} [Given than Juan wants to sign up to the uTest site [Juan open up [Juan opens the U test page]]]
[Test worker] WARN net.thucydides.core.steps.BaseStepListener - stepStarted: net.thucydides.core.steps.ExecutedStepDescription@c3c3b60
[Test worker] WARN net.thucydides.core.steps.BaseStepListener - stepFinished: current outcome:Sign up to uTest:Example: {strFirstName=Juan David, strLastName=Botero, strEmail=soundga22@yahoo.es, strMonthOfBirth=number:1, strDayOfBirth=12, strYearOfBirth=1999, strPassword=Martinez1985++, strConfirmPassword=Martinez1985++} [Given than Juan wants to sign up to the uTest site [Juan open up [Juan opens the U test page, Juan clicks on Button that shows us the Join Today button]]]
[Test worker] WARN net.thucydides.core.steps.BaseStepListener - stepFinished: current outcome:Sign up to uTest:Example: {strFirstName=Juan David, strLastName=Botero, strEmail=soundga22@yahoo.es, strMonthOfBirth=number:1, strDayOfBirth=12, strYearOfBirth=1999, strPassword=Martinez1985++, strConfirmPassword=Martinez1985++} [Given than Juan wants to sign up to the uTest site [Juan open up [Juan opens the U test page, Juan clicks on Button that shows us the Join Today button]]]
[Test worker] WARN net.thucydides.core.steps.BaseStepListener - stepFinished: current outcome:Sign up to uTest:Example: {strFirstName=Juan David, strLastName=Botero, strEmail=soundga22@yahoo.es, strMonthOfBirth=number:1, strDayOfBirth=12, strYearOfBirth=1999, strPassword=Martinez1985++, strConfirmPassword=Martinez1985++} [Given than Juan wants to sign up to the uTest site [Juan open up [Juan opens the U test page, Juan clicks on Button that shows us the Join Today button]]]
[Test worker] WARN net.thucydides.core.steps.BaseStepListener - stepStarted: net.thucydides.core.steps.ExecutedStepDescription@79a1c6c0
[Test worker] WARN net.thucydides.core.steps.BaseStepListener - stepStarted: net.thucydides.core.steps.ExecutedStepDescription@25d8167b
[Test worker] WARN net.thucydides.core.steps.BaseStepListener - stepStarted: net.thucydides.core.steps.ExecutedStepDescription@42e6a8aa
[Test worker] WARN net.thucydides.core.steps.BaseStepListener - stepFinished: current outcome:Sign up to uTest:Example: {strFirstName=Juan David, strLastName=Botero, strEmail=soundga22@yahoo.es, strMonthOfBirth=number:1, strDayOfBirth=12, strYearOfBirth=1999, strPassword=Martinez1985++, strConfirmPassword=Martinez1985++} [Given than Juan wants to sign up to the uTest site [Juan open up [Juan opens the U test page, Juan clicks on Button that shows us the Join Today button]], When he fills out the signup form
| strFirstName | strLastName | strEmail | strMonthOfBirth | strDayOfBirth | strYearOfBirth | strPassword | strConfirmPassword |
| Juan David | Botero | soundga22@yahoo.es | number:1 | 12 | 1999 | Martinez1985++ | Martinez1985++ | [Juan registration [Juan enters 'Juan David' into Where the user writes their first name]]]
[Test worker] WARN net.thucydides.core.steps.BaseStepListener - stepStarted: net.thucydides.core.steps.ExecutedStepDescription@637a2294
[Test worker] WARN net.thucydides.core.steps.BaseStepListener - stepFinished: current outcome:Sign up to uTest:Example: {strFirstName=Juan David, strLastName=Botero, strEmail=soundga22@yahoo.es, strMonthOfBirth=number:1, strDayOfBirth=12, strYearOfBirth=1999, strPassword=Martinez1985++, strConfirmPassword=Martinez1985++} [Given than Juan wants to sign up to the uTest site [Juan open up [Juan opens the U test page, Juan clicks on Button that shows us the Join Today button]], When he fills out the signup form
| strFirstName | strLastName | strEmail | strMonthOfBirth | strDayOfBirth | strYearOfBirth | strPassword | strConfirmPassword |
| Juan David | Botero | soundga22@yahoo.es | number:1 | 12 | 1999 | Martinez1985++ | Martinez1985++ | [Juan registration [Juan enters 'Juan David' into Where the user writes their first name, Juan enters 'Botero' into Where the user writes their last name]]]
[Test worker] WARN net.thucydides.core.steps.BaseStepListener - stepStarted: net.thucydides.core.steps.ExecutedStepDescription@2a02ae1
[Test worker] WARN net.thucydides.core.steps.BaseStepListener - stepFinished: current outcome:Sign up to uTest:Example: {strFirstName=Juan David, strLastName=Botero, strEmail=soundga22@yahoo.es, strMonthOfBirth=number:1, strDayOfBirth=12, strYearOfBirth=1999, strPassword=Martinez1985++, strConfirmPassword=Martinez1985++} [Given than Juan wants to sign up to the uTest site [Juan open up [Juan opens the U test page, Juan clicks on Button that shows us the Join Today button]], When he fills out the signup form
| strFirstName | strLastName | strEmail | strMonthOfBirth | strDayOfBirth | strYearOfBirth | strPassword | strConfirmPassword |
| Juan David | Botero | soundga22@yahoo.es | number:1 | 12 | 1999 | Martinez1985++ | Martinez1985++ | [Juan registration [Juan enters 'Juan David' into Where the user writes their first name, Juan enters 'Botero' into Where the user writes their last name, Juan enters 'soundga22@yahoo.es' into Where the user writes their email]]]
[Test worker] WARN net.thucydides.core.steps.BaseStepListener - stepStarted: net.thucydides.core.steps.ExecutedStepDescription@3884f406
[Test worker] WARN net.thucydides.core.steps.BaseStepListener - stepFinished: current outcome:Sign up to uTest:Example: {strFirstName=Juan David, strLastName=Botero, strEmail=soundga22@yahoo.es, strMonthOfBirth=number:1, strDayOfBirth=12, strYearOfBirth=1999, strPassword=Martinez1985++, strConfirmPassword=Martinez1985++} [Given than Juan wants to sign up to the uTest site [Juan open up [Juan opens the U test page, Juan clicks on Button that shows us the Join Today button]], When he fills out the signup form
| strFirstName | strLastName | strEmail | strMonthOfBirth | strDayOfBirth | strYearOfBirth | strPassword | strConfirmPassword |
| Juan David | Botero | soundga22@yahoo.es | number:1 | 12 | 1999 | Martinez1985++ | Martinez1985++ | [Juan registration [Juan enters 'Juan David' into Where the user writes their first name, Juan enters 'Botero' into Where the user writes their last name, Juan enters 'soundga22@yahoo.es' into Where the user writes their email, Juan enters 'number:1' into Where the user selects their birth month]]]
[Test worker] WARN net.thucydides.core.steps.BaseStepListener - stepStarted: net.thucydides.core.steps.ExecutedStepDescription@525e7c13
[Test worker] WARN net.thucydides.core.steps.BaseStepListener - stepFinished: current outcome:Sign up to uTest:Example: {strFirstName=Juan David, strLastName=Botero, strEmail=soundga22@yahoo.es, strMonthOfBirth=number:1, strDayOfBirth=12, strYearOfBirth=1999, strPassword=Martinez1985++, strConfirmPassword=Martinez1985++} [Given than Juan wants to sign up to the uTest site [Juan open up [Juan opens the U test page, Juan clicks on Button that shows us the Join Today button]], When he fills out the signup form
| strFirstName | strLastName | strEmail | strMonthOfBirth | strDayOfBirth | strYearOfBirth | strPassword | strConfirmPassword |
| Juan David | Botero | soundga22@yahoo.es | number:1 | 12 | 1999 | Martinez1985++ | Martinez1985++ | [Juan registration [Juan enters 'Juan David' into Where the user writes their first name, Juan enters 'Botero' into Where the user writes their last name, Juan enters 'soundga22@yahoo.es' into Where the user writes their email, Juan enters 'number:1' into Where the user selects their birth month, Juan enters '12' into Where the user writes their birth day]]]
[Test worker] WARN net.thucydides.core.steps.BaseStepListener - stepStarted: net.thucydides.core.steps.ExecutedStepDescription@18c4b5ac
[Test worker] WARN net.thucydides.core.steps.BaseStepListener - stepFinished: current outcome:Sign up to uTest:Example: {strFirstName=Juan David, strLastName=Botero, strEmail=soundga22@yahoo.es, strMonthOfBirth=number:1, strDayOfBirth=12, strYearOfBirth=1999, strPassword=Martinez1985++, strConfirmPassword=Martinez1985++} [Given than Juan wants to sign up to the uTest site [Juan open up [Juan opens the U test page, Juan clicks on Button that shows us the Join Today button]], When he fills out the signup form
| strFirstName | strLastName | strEmail | strMonthOfBirth | strDayOfBirth | strYearOfBirth | strPassword | strConfirmPassword |
| Juan David | Botero | soundga22@yahoo.es | number:1 | 12 | 1999 | Martinez1985++ | Martinez1985++ | [Juan registration [Juan enters 'Juan David' into Where the user writes their first name, Juan enters 'Botero' into Where the user writes their last name, Juan enters 'soundga22@yahoo.es' into Where the user writes their email, Juan enters 'number:1' into Where the user selects their birth month, Juan enters '12' into Where the user writes their birth day, Juan enters '1999' into Where the user writes their birth year]]]
[Test worker] WARN net.thucydides.core.steps.BaseStepListener - stepStarted: net.thucydides.core.steps.ExecutedStepDescription@3ce6ae6c
[Test worker] WARN net.thucydides.core.steps.BaseStepListener - stepFinished: current outcome:Sign up to uTest:Example: {strFirstName=Juan David, strLastName=Botero, strEmail=soundga22@yahoo.es, strMonthOfBirth=number:1, strDayOfBirth=12, strYearOfBirth=1999, strPassword=Martinez1985++, strConfirmPassword=Martinez1985++} [Given than Juan wants to sign up to the uTest site [Juan open up [Juan opens the U test page, Juan clicks on Button that shows us the Join Today button]], When he fills out the signup form
| strFirstName | strLastName | strEmail | strMonthOfBirth | strDayOfBirth | strYearOfBirth | strPassword | strConfirmPassword |
| Juan David | Botero | soundga22@yahoo.es | number:1 | 12 | 1999 | Martinez1985++ | Martinez1985++ | [Juan registration [Juan enters 'Juan David' into Where the user writes their first name, Juan enters 'Botero' into Where the user writes their last name, Juan enters 'soundga22@yahoo.es' into Where the user writes their email, Juan enters 'number:1' into Where the user selects their birth month, Juan enters '12' into Where the user writes their birth day, Juan enters '1999' into Where the user writes their birth year, Juan clicks on Button that shows us the next signup form page]]]
[Test worker] WARN net.thucydides.core.steps.BaseStepListener - stepStarted: net.thucydides.core.steps.ExecutedStepDescription@5fc3d5b0
[Test worker] WARN net.thucydides.core.steps.BaseStepListener - stepFinished: current outcome:Sign up to uTest:Example: {strFirstName=Juan David, strLastName=Botero, strEmail=soundga22@yahoo.es, strMonthOfBirth=number:1, strDayOfBirth=12, strYearOfBirth=1999, strPassword=Martinez1985++, strConfirmPassword=Martinez1985++} [Given than Juan wants to sign up to the uTest site [Juan open up [Juan opens the U test page, Juan clicks on Button that shows us the Join Today button]], When he fills out the signup form
| strFirstName | strLastName | strEmail | strMonthOfBirth | strDayOfBirth | strYearOfBirth | strPassword | strConfirmPassword |
| Juan David | Botero | soundga22@yahoo.es | number:1 | 12 | 1999 | Martinez1985++ | Martinez1985++ | [Juan registration [Juan enters 'Juan David' into Where the user writes their first name, Juan enters 'Botero' into Where the user writes their last name, Juan enters 'soundga22@yahoo.es' into Where the user writes their email, Juan enters 'number:1' into Where the user selects their birth month, Juan enters '12' into Where the user writes their birth day, Juan enters '1999' into Where the user writes their birth year, Juan clicks on Button that shows us the next signup form page, Juan clicks on Button that shows us the next signup form page]]]
[Test worker] WARN net.thucydides.core.steps.BaseStepListener - stepStarted: net.thucydides.core.steps.ExecutedStepDescription@3768ef40
[Test worker] WARN net.thucydides.core.steps.BaseStepListener - stepFinished: current outcome:Sign up to uTest:Example: {strFirstName=Juan David, strLastName=Botero, strEmail=soundga22@yahoo.es, strMonthOfBirth=number:1, strDayOfBirth=12, strYearOfBirth=1999, strPassword=Martinez1985++, strConfirmPassword=Martinez1985++} [Given than Juan wants to sign up to the uTest site [Juan open up [Juan opens the U test page, Juan clicks on Button that shows us the Join Today button]], When he fills out the signup form
| strFirstName | strLastName | strEmail | strMonthOfBirth | strDayOfBirth | strYearOfBirth | strPassword | strConfirmPassword |
| Juan David | Botero | soundga22@yahoo.es | number:1 | 12 | 1999 | Martinez1985++ | Martinez1985++ | [Juan registration [Juan enters 'Juan David' into Where the user writes their first name, Juan enters 'Botero' into Where the user writes their last name, Juan enters 'soundga22@yahoo.es' into Where the user writes their email, Juan enters 'number:1' into Where the user selects their birth month, Juan enters '12' into Where the user writes their birth day, Juan enters '1999' into Where the user writes their birth year, Juan clicks on Button that shows us the next signup form page, Juan clicks on Button that shows us the next signup form page, Juan clicks on Button that shows us the last signup form page]]]
[Test worker] WARN net.thucydides.core.steps.BaseStepListener - stepStarted: net.thucydides.core.steps.ExecutedStepDescription@647baec3
[Test worker] WARN net.thucydides.core.steps.BaseStepListener - stepFinished: current outcome:Sign up to uTest:Example: {strFirstName=Juan David, strLastName=Botero, strEmail=soundga22@yahoo.es, strMonthOfBirth=number:1, strDayOfBirth=12, strYearOfBirth=1999, strPassword=Martinez1985++, strConfirmPassword=Martinez1985++} [Given than Juan wants to sign up to the uTest site [Juan open up [Juan opens the U test page, Juan clicks on Button that shows us the Join Today button]], When he fills out the signup form
| strFirstName | strLastName | strEmail | strMonthOfBirth | strDayOfBirth | strYearOfBirth | strPassword | strConfirmPassword |
| Juan David | Botero | soundga22@yahoo.es | number:1 | 12 | 1999 | Martinez1985++ | Martinez1985++ | [Juan registration [Juan enters 'Juan David' into Where the user writes their first name, Juan enters 'Botero' into Where the user writes their last name, Juan enters 'soundga22@yahoo.es' into Where the user writes their email, Juan enters 'number:1' into Where the user selects their birth month, Juan enters '12' into Where the user writes their birth day, Juan enters '1999' into Where the user writes their birth year, Juan clicks on Button that shows us the next signup form page, Juan clicks on Button that shows us the next signup form page, Juan clicks on Button that shows us the last signup form page, Juan enters 'Martinez1985++' into Where the user writes their password]]]
[Test worker] WARN net.thucydides.core.steps.BaseStepListener - stepStarted: net.thucydides.core.steps.ExecutedStepDescription@7f5c8a4e
[Test worker] WARN net.thucydides.core.steps.BaseStepListener - stepFinished: current outcome:Sign up to uTest:Example: {strFirstName=Juan David, strLastName=Botero, strEmail=soundga22@yahoo.es, strMonthOfBirth=number:1, strDayOfBirth=12, strYearOfBirth=1999, strPassword=Martinez1985++, strConfirmPassword=Martinez1985++} [Given than Juan wants to sign up to the uTest site [Juan open up [Juan opens the U test page, Juan clicks on Button that shows us the Join Today button]], When he fills out the signup form
| strFirstName | strLastName | strEmail | strMonthOfBirth | strDayOfBirth | strYearOfBirth | strPassword | strConfirmPassword |
| Juan David | Botero | soundga22@yahoo.es | number:1 | 12 | 1999 | Martinez1985++ | Martinez1985++ | [Juan registration [Juan enters 'Juan David' into Where the user writes their first name, Juan enters 'Botero' into Where the user writes their last name, Juan enters 'soundga22@yahoo.es' into Where the user writes their email, Juan enters 'number:1' into Where the user selects their birth month, Juan enters '12' into Where the user writes their birth day, Juan enters '1999' into Where the user writes their birth year, Juan clicks on Button that shows us the next signup form page, Juan clicks on Button that shows us the next signup form page, Juan clicks on Button that shows us the last signup form page, Juan enters 'Martinez1985++' into Where the user writes their password, Juan enters 'Martinez1985++' into Where the user confirms their password]]]
[Test worker] WARN net.thucydides.core.steps.BaseStepListener - stepStarted: net.thucydides.core.steps.ExecutedStepDescription@55e2003b
[Test worker] WARN net.thucydides.core.steps.BaseStepListener - stepFinished: current outcome:Sign up to uTest:Example: {strFirstName=Juan David, strLastName=Botero, strEmail=soundga22@yahoo.es, strMonthOfBirth=number:1, strDayOfBirth=12, strYearOfBirth=1999, strPassword=Martinez1985++, strConfirmPassword=Martinez1985++} [Given than Juan wants to sign up to the uTest site [Juan open up [Juan opens the U test page, Juan clicks on Button that shows us the Join Today button]], When he fills out the signup form
| strFirstName | strLastName | strEmail | strMonthOfBirth | strDayOfBirth | strYearOfBirth | strPassword | strConfirmPassword |
| Juan David | Botero | soundga22@yahoo.es | number:1 | 12 | 1999 | Martinez1985++ | Martinez1985++ | [Juan registration [Juan enters 'Juan David' into Where the user writes their first name, Juan enters 'Botero' into Where the user writes their last name, Juan enters 'soundga22@yahoo.es' into Where the user writes their email, Juan enters 'number:1' into Where the user selects their birth month, Juan enters '12' into Where the user writes their birth day, Juan enters '1999' into Where the user writes their birth year, Juan clicks on Button that shows us the next signup form page, Juan clicks on Button that shows us the next signup form page, Juan clicks on Button that shows us the last signup form page, Juan enters 'Martinez1985++' into Where the user writes their password, Juan enters 'Martinez1985++' into Where the user confirms their password, Juan clicks on Where the user accepts the uTest Terms of Use]]]
[Test worker] WARN net.thucydides.core.steps.BaseStepListener - stepStarted: net.thucydides.core.steps.ExecutedStepDescription@7713d93d
[Test worker] WARN net.thucydides.core.steps.BaseStepListener - stepFinished: current outcome:Sign up to uTest:Example: {strFirstName=Juan David, strLastName=Botero, strEmail=soundga22@yahoo.es, strMonthOfBirth=number:1, strDayOfBirth=12, strYearOfBirth=1999, strPassword=Martinez1985++, strConfirmPassword=Martinez1985++} [Given than Juan wants to sign up to the uTest site [Juan open up [Juan opens the U test page, Juan clicks on Button that shows us the Join Today button]], When he fills out the signup form
| strFirstName | strLastName | strEmail | strMonthOfBirth | strDayOfBirth | strYearOfBirth | strPassword | strConfirmPassword |
| Juan David | Botero | soundga22@yahoo.es | number:1 | 12 | 1999 | Martinez1985++ | Martinez1985++ | [Juan registration [Juan enters 'Juan David' into Where the user writes their first name, Juan enters 'Botero' into Where the user writes their last name, Juan enters 'soundga22@yahoo.es' into Where the user writes their email, Juan enters 'number:1' into Where the user selects their birth month, Juan enters '12' into Where the user writes their birth day, Juan enters '1999' into Where the user writes their birth year, Juan clicks on Button that shows us the next signup form page, Juan clicks on Button that shows us the next signup form page, Juan clicks on Button that shows us the last signup form page, Juan enters 'Martinez1985++' into Where the user writes their password, Juan enters 'Martinez1985++' into Where the user confirms their password, Juan clicks on Where the user accepts the uTest Terms of Use, Juan clicks on Where the user accepts the uTest Privacy Policy]]]
[Test worker] WARN net.thucydides.core.steps.BaseStepListener - stepStarted: net.thucydides.core.steps.ExecutedStepDescription@595d3dc2
[Test worker] WARN net.thucydides.core.steps.BaseStepListener - stepFinished: current outcome:Sign up to uTest:Example: {strFirstName=Juan David, strLastName=Botero, strEmail=soundga22@yahoo.es, strMonthOfBirth=number:1, strDayOfBirth=12, strYearOfBirth=1999, strPassword=Martinez1985++, strConfirmPassword=Martinez1985++} [Given than Juan wants to sign up to the uTest site [Juan open up [Juan opens the U test page, Juan clicks on Button that shows us the Join Today button]], When he fills out the signup form
| strFirstName | strLastName | strEmail | strMonthOfBirth | strDayOfBirth | strYearOfBirth | strPassword | strConfirmPassword |
| Juan David | Botero | soundga22@yahoo.es | number:1 | 12 | 1999 | Martinez1985++ | Martinez1985++ | [Juan registration [Juan enters 'Juan David' into Where the user writes their first name, Juan enters 'Botero' into Where the user writes their last name, Juan enters 'soundga22@yahoo.es' into Where the user writes their email, Juan enters 'number:1' into Where the user selects their birth month, Juan enters '12' into Where the user writes their birth day, Juan enters '1999' into Where the user writes their birth year, Juan clicks on Button that shows us the next signup form page, Juan clicks on Button that shows us the next signup form page, Juan clicks on Button that shows us the last signup form page, Juan enters 'Martinez1985++' into Where the user writes their password, Juan enters 'Martinez1985++' into Where the user confirms their password, Juan clicks on Where the user accepts the uTest Terms of Use, Juan clicks on Where the user accepts the uTest Privacy Policy, Juan clicks on Button that completes the setup]]]
[Test worker] WARN net.thucydides.core.steps.BaseStepListener - stepFinished: current outcome:Sign up to uTest:Example: {strFirstName=Juan David, strLastName=Botero, strEmail=soundga22@yahoo.es, strMonthOfBirth=number:1, strDayOfBirth=12, strYearOfBirth=1999, strPassword=Martinez1985++, strConfirmPassword=Martinez1985++} [Given than Juan wants to sign up to the uTest site [Juan open up [Juan opens the U test page, Juan clicks on Button that shows us the Join Today button]], When he fills out the signup form
| strFirstName | strLastName | strEmail | strMonthOfBirth | strDayOfBirth | strYearOfBirth | strPassword | strConfirmPassword |
| Juan David | Botero | soundga22@yahoo.es | number:1 | 12 | 1999 | Martinez1985++ | Martinez1985++ | [Juan registration [Juan enters 'Juan David' into Where the user writes their first name, Juan enters 'Botero' into Where the user writes their last name, Juan enters 'soundga22@yahoo.es' into Where the user writes their email, Juan enters 'number:1' into Where the user selects their birth month, Juan enters '12' into Where the user writes their birth day, Juan enters '1999' into Where the user writes their birth year, Juan clicks on Button that shows us the next signup form page, Juan clicks on Button that shows us the next signup form page, Juan clicks on Button that shows us the last signup form page, Juan enters 'Martinez1985++' into Where the user writes their password, Juan enters 'Martinez1985++' into Where the user confirms their password, Juan clicks on Where the user accepts the uTest Terms of Use, Juan clicks on Where the user accepts the uTest Privacy Policy, Juan clicks on Button that completes the setup]]]
[Test worker] WARN net.thucydides.core.steps.BaseStepListener - stepFinished: current outcome:Sign up to uTest:Example: {strFirstName=Juan David, strLastName=Botero, strEmail=soundga22@yahoo.es, strMonthOfBirth=number:1, strDayOfBirth=12, strYearOfBirth=1999, strPassword=Martinez1985++, strConfirmPassword=Martinez1985++} [Given than Juan wants to sign up to the uTest site [Juan open up [Juan opens the U test page, Juan clicks on Button that shows us the Join Today button]], When he fills out the signup form
| strFirstName | strLastName | strEmail | strMonthOfBirth | strDayOfBirth | strYearOfBirth | strPassword | strConfirmPassword |
| Juan David | Botero | soundga22@yahoo.es | number:1 | 12 | 1999 | Martinez1985++ | Martinez1985++ | [Juan registration [Juan enters 'Juan David' into Where the user writes their first name, Juan enters 'Botero' into Where the user writes their last name, Juan enters 'soundga22@yahoo.es' into Where the user writes their email, Juan enters 'number:1' into Where the user selects their birth month, Juan enters '12' into Where the user writes their birth day, Juan enters '1999' into Where the user writes their birth year, Juan clicks on Button that shows us the next signup form page, Juan clicks on Button that shows us the next signup form page, Juan clicks on Button that shows us the last signup form page, Juan enters 'Martinez1985++' into Where the user writes their password, Juan enters 'Martinez1985++' into Where the user confirms their password, Juan clicks on Where the user accepts the uTest Terms of Use, Juan clicks on Where the user accepts the uTest Privacy Policy, Juan clicks on Button that completes the setup]]]
[Test worker] WARN net.thucydides.core.steps.BaseStepListener - stepStarted: net.thucydides.core.steps.ExecutedStepDescription@49c680b
[Test worker] WARN net.thucydides.core.steps.BaseStepListener - stepStarted: net.thucydides.core.steps.ExecutedStepDescription@2756985d
[Test worker] WARN net.thucydides.core.steps.BaseStepListener - testFinished: Sign up to uTest:Example: {strFirstName=Juan David, strLastName=Botero, strEmail=soundga22@yahoo.es, strMonthOfBirth=number:1, strDayOfBirth=12, strYearOfBirth=1999, strPassword=Martinez1985++, strConfirmPassword=Martinez1985++} [Given than Juan wants to sign up to the uTest site [Juan open up [Juan opens the U test page, Juan clicks on Button that shows us the Join Today button]], When he fills out the signup form
| strFirstName | strLastName | strEmail | strMonthOfBirth | strDayOfBirth | strYearOfBirth | strPassword | strConfirmPassword |
| Juan David | Botero | soundga22@yahoo.es | number:1 | 12 | 1999 | Martinez1985++ | Martinez1985++ | [Juan registration [Juan enters 'Juan David' into Where the user writes their first name, Juan enters 'Botero' into Where the user writes their last name, Juan enters 'soundga22@yahoo.es' into Where the user writes their email, Juan enters 'number:1' into Where the user selects their birth month, Juan enters '12' into Where the user writes their birth day, Juan enters '1999' into Where the user writes their birth year, Juan clicks on Button that shows us the next signup form page, Juan clicks on Button that shows us the next signup form page, Juan clicks on Button that shows us the last signup form page, Juan enters 'Martinez1985++' into Where the user writes their password, Juan enters 'Martinez1985++' into Where the user confirms their password, Juan clicks on Where the user accepts the uTest Terms of Use, Juan clicks on Where the user accepts the uTest Privacy Policy, Juan clicks on Button that completes the setup]], Then he has registered on the website and receives a message
| strMessage |
| Welcome to the world's largest community of freelance software testers! | [Then answer]]
[Test worker] WARN net.thucydides.core.steps.BaseStepListener - TestOutcomes: [Sign up to uTest:Example: {strFirstName=Juan David, strLastName=Botero, strEmail=soundga22@yahoo.es, strMonthOfBirth=number:1, strDayOfBirth=12, strYearOfBirth=1999, strPassword=Martinez1985++, strConfirmPassword=Martinez1985++} [Given than Juan wants to sign up to the uTest site [Juan open up [Juan opens the U test page, Juan clicks on Button that shows us the Join Today button]], When he fills out the signup form
| strFirstName | strLastName | strEmail | strMonthOfBirth | strDayOfBirth | strYearOfBirth | strPassword | strConfirmPassword |
| Juan David | Botero | soundga22@yahoo.es | number:1 | 12 | 1999 | Martinez1985++ | Martinez1985++ | [Juan registration [Juan enters 'Juan David' into Where the user writes their first name, Juan enters 'Botero' into Where the user writes their last name, Juan enters 'soundga22@yahoo.es' into Where the user writes their email, Juan enters 'number:1' into Where the user selects their birth month, Juan enters '12' into Where the user writes their birth day, Juan enters '1999' into Where the user writes their birth year, Juan clicks on Button that shows us the next signup form page, Juan clicks on Button that shows us the next signup form page, Juan clicks on Button that shows us the last signup form page, Juan enters 'Martinez1985++' into Where the user writes their password, Juan enters 'Martinez1985++' into Where the user confirms their password, Juan clicks on Where the user accepts the uTest Terms of Use, Juan clicks on Where the user accepts the uTest Privacy Policy, Juan clicks on Button that completes the setup]], Then he has registered on the website and receives a message
| strMessage |
| Welcome to the world's largest community of freelance software testers! | [Then answer]]]
[Test worker] WARN net.thucydides.core.steps.BaseStepListener - Final testOutcomes: [Sign up to uTest:Example: {strFirstName=Juan David, strLastName=Botero, strEmail=soundga22@yahoo.es, strMonthOfBirth=number:1, strDayOfBirth=12, strYearOfBirth=1999, strPassword=Martinez1985++, strConfirmPassword=Martinez1985++} [Given than Juan wants to sign up to the uTest site [Juan open up [Juan opens the U test page, Juan clicks on Button that shows us the Join Today button]], When he fills out the signup form
| strFirstName | strLastName | strEmail | strMonthOfBirth | strDayOfBirth | strYearOfBirth | strPassword | strConfirmPassword |
| Juan David | Botero | soundga22@yahoo.es | number:1 | 12 | 1999 | Martinez1985++ | Martinez1985++ | [Juan registration [Juan enters 'Juan David' into Where the user writes their first name, Juan enters 'Botero' into Where the user writes their last name, Juan enters 'soundga22@yahoo.es' into Where the user writes their email, Juan enters 'number:1' into Where the user selects their birth month, Juan enters '12' into Where the user writes their birth day, Juan enters '1999' into Where the user writes their birth year, Juan clicks on Button that shows us the next signup form page, Juan clicks on Button that shows us the next signup form page, Juan clicks on Button that shows us the last signup form page, Juan enters 'Martinez1985++' into Where the user writes their password, Juan enters 'Martinez1985++' into Where the user confirms their password, Juan clicks on Where the user accepts the uTest Terms of Use, Juan clicks on Where the user accepts the uTest Privacy Policy, Juan clicks on Button that completes the setup]], Then he has registered on the website and receives a message
| strMessage |
| Welcome to the world's largest community of freelance software testers! | [Then answer]]]
[Test worker] ERROR net.thucydides.core.steps.ConsoleLoggingListener - 
           __  _____ _____ ____ _____   _____ _    ___ _     _____ ____  
  _       / / |_   _| ____/ ___|_   _| |  ___/ \  |_ _| |   | ____|  _ \ 
 (_)_____| |    | | |  _| \___ \ | |   | |_ / _ \  | || |   |  _| | | | |
  _|_____| |    | | | |___ ___) || |   |  _/ ___ \ | || |___| |___| |_| |
 (_)     | |    |_| |_____|____/ |_|   |_|/_/   \_\___|_____|_____|____/ 
          \_\                                                            

TEST FAILED WITH ERROR: Sign up to uTest
---------------------------------------------------------------------
[Test worker] ERROR net.thucydides.core.steps.ConsoleLoggingListener - TEST FAILED AT STEP Then answer
[Test worker] ERROR net.thucydides.core.steps.ConsoleLoggingListener - invalid selector: Unable to locate an element with the xpath expression /html/body/ui-view/unauthenticated-container/div/div/div/ui-view/div/div/div/div[1]/div/h1] because of the following error:
</pre>
</span>
</div>
</div>
<div id="footer">
<p>
<div>
<label class="hidden" id="label-for-line-wrapping-toggle" for="line-wrapping-toggle">Wrap lines
<input id="line-wrapping-toggle" type="checkbox" autocomplete="off"/>
</label>
</div>Generated by 
<a href="http://www.gradle.org">Gradle 7.1</a> at 25/10/2021 02:07:18 AM</p>
</div>
</div>
</body>
</html>
